mode: set
github.com/felipeospina21/mrglab/internal/tui/keys.go:23.49,25.2 1 0
github.com/felipeospina21/mrglab/internal/tui/keys.go:27.50,31.2 1 0
github.com/felipeospina21/mrglab/internal/tui/keys.go:34.44,54.13 2 1
github.com/felipeospina21/mrglab/internal/tui/keys.go:54.13,64.3 2 0
github.com/felipeospina21/mrglab/internal/tui/keys.go:66.2,66.15 1 1
github.com/felipeospina21/mrglab/internal/tui/keys.go:70.61,71.34 1 0
github.com/felipeospina21/mrglab/internal/tui/keys.go:71.34,73.3 1 0
github.com/felipeospina21/mrglab/internal/tui/utils.go:6.24,7.11 1 1
github.com/felipeospina21/mrglab/internal/tui/utils.go:7.11,9.3 1 1
github.com/felipeospina21/mrglab/internal/tui/utils.go:11.2,11.10 1 1
github.com/felipeospina21/mrglab/internal/tui/utils.go:15.24,16.11 1 1
github.com/felipeospina21/mrglab/internal/tui/utils.go:16.11,18.3 1 1
github.com/felipeospina21/mrglab/internal/tui/utils.go:20.2,20.10 1 1
github.com/felipeospina21/mrglab/internal/tui/utils.go:24.34,26.2 1 1
github.com/felipeospina21/mrglab/internal/tui/utils.go:29.43,30.30 1 1
github.com/felipeospina21/mrglab/internal/tui/utils.go:30.30,32.3 1 1
github.com/felipeospina21/mrglab/internal/tui/utils.go:33.2,33.10 1 1
github.com/felipeospina21/mrglab/internal/config/config.go:41.33,55.16 10 0
github.com/felipeospina21/mrglab/internal/config/config.go:55.16,56.21 1 0
github.com/felipeospina21/mrglab/internal/config/config.go:56.21,60.4 3 0
github.com/felipeospina21/mrglab/internal/config/config.go:61.3,61.56 1 0
github.com/felipeospina21/mrglab/internal/config/config.go:64.2,65.16 2 0
github.com/felipeospina21/mrglab/internal/config/config.go:65.16,66.54 1 0
github.com/felipeospina21/mrglab/internal/config/config.go:69.2,69.26 1 0
github.com/felipeospina21/mrglab/internal/config/config.go:69.26,71.3 1 0
github.com/felipeospina21/mrglab/internal/config/config.go:73.2,73.20 1 0
github.com/felipeospina21/mrglab/internal/config/config.go:73.20,75.3 1 0
github.com/felipeospina21/mrglab/internal/config/config.go:77.2,77.46 1 0
github.com/felipeospina21/mrglab/internal/config/config.go:77.46,79.3 1 0
github.com/felipeospina21/mrglab/internal/config/config.go:80.2,84.35 3 0
github.com/felipeospina21/mrglab/internal/config/config.go:84.35,86.3 1 0
github.com/felipeospina21/mrglab/internal/config/config.go:87.2,87.12 1 0
github.com/felipeospina21/mrglab/internal/config/config.go:90.40,96.16 5 1
github.com/felipeospina21/mrglab/internal/config/config.go:96.16,98.3 1 0
github.com/felipeospina21/mrglab/internal/config/config.go:99.2,101.18 2 1
github.com/felipeospina21/mrglab/internal/config/config.go:101.18,106.3 4 1
github.com/felipeospina21/mrglab/internal/config/config.go:108.2,109.12 2 1
github.com/felipeospina21/mrglab/internal/config/config.go:114.23,115.20 1 0
github.com/felipeospina21/mrglab/internal/config/config.go:115.20,117.3 1 0
github.com/felipeospina21/mrglab/internal/config/config.go:118.2,118.17 1 0
github.com/felipeospina21/mrglab/internal/gitlab/client.go:20.44,21.17 1 1
github.com/felipeospina21/mrglab/internal/gitlab/client.go:21.17,23.3 1 1
github.com/felipeospina21/mrglab/internal/gitlab/client.go:25.2,36.3 4 1
github.com/felipeospina21/mrglab/internal/gitlab/client.go:39.63,40.78 1 1
github.com/felipeospina21/mrglab/internal/gitlab/client.go:40.78,42.3 1 1
github.com/felipeospina21/mrglab/internal/gitlab/client.go:43.2,43.57 1 1
github.com/felipeospina21/mrglab/internal/gitlab/client.go:51.80,54.2 2 0
github.com/felipeospina21/mrglab/internal/gitlab/createmergerequests.go:12.39,13.15 1 0
github.com/felipeospina21/mrglab/internal/gitlab/createmergerequests.go:13.15,16.3 2 0
github.com/felipeospina21/mrglab/internal/gitlab/createmergerequests.go:18.2,23.16 5 0
github.com/felipeospina21/mrglab/internal/gitlab/createmergerequests.go:23.16,25.3 1 0
github.com/felipeospina21/mrglab/internal/gitlab/createmergerequests.go:27.2,27.41 1 0
github.com/felipeospina21/mrglab/internal/gitlab/mergerequests.go:17.35,18.15 1 0
github.com/felipeospina21/mrglab/internal/gitlab/mergerequests.go:18.15,21.3 2 0
github.com/felipeospina21/mrglab/internal/gitlab/mergerequests.go:23.2,28.16 5 0
github.com/felipeospina21/mrglab/internal/gitlab/mergerequests.go:28.16,30.3 1 0
github.com/felipeospina21/mrglab/internal/gitlab/mergerequests.go:32.2,32.41 1 0
github.com/felipeospina21/mrglab/internal/gitlab/mergerequests.go:39.33,40.15 1 0
github.com/felipeospina21/mrglab/internal/gitlab/mergerequests.go:40.15,43.3 2 0
github.com/felipeospina21/mrglab/internal/gitlab/mergerequests.go:45.2,50.16 5 0
github.com/felipeospina21/mrglab/internal/gitlab/mergerequests.go:50.16,52.3 1 0
github.com/felipeospina21/mrglab/internal/gitlab/mergerequests.go:54.2,54.40 1 0
github.com/felipeospina21/mrglab/internal/gitlab/mergerequests.go:64.72,65.15 1 0
github.com/felipeospina21/mrglab/internal/gitlab/mergerequests.go:65.15,68.3 2 0
github.com/felipeospina21/mrglab/internal/gitlab/mergerequests.go:70.2,72.16 3 0
github.com/felipeospina21/mrglab/internal/gitlab/mergerequests.go:72.16,74.3 1 0
github.com/felipeospina21/mrglab/internal/gitlab/mergerequests.go:75.2,78.16 3 0
github.com/felipeospina21/mrglab/internal/gitlab/mergerequests.go:78.16,80.3 1 0
github.com/felipeospina21/mrglab/internal/gitlab/mergerequests.go:81.2,83.38 2 0
github.com/felipeospina21/mrglab/internal/gitlab/mergerequests.go:83.38,85.3 1 0
github.com/felipeospina21/mrglab/internal/gitlab/mergerequests.go:87.2,91.65 2 0
github.com/felipeospina21/mrglab/internal/gitlab/mergerequests.go:91.65,93.3 1 0
github.com/felipeospina21/mrglab/internal/gitlab/mergerequests.go:95.2,98.8 1 0
github.com/felipeospina21/mrglab/internal/gitlab/mergerequests.go:110.95,111.15 1 0
github.com/felipeospina21/mrglab/internal/gitlab/mergerequests.go:111.15,114.3 2 0
github.com/felipeospina21/mrglab/internal/gitlab/mergerequests.go:116.2,136.12 8 0
github.com/felipeospina21/mrglab/internal/gitlab/mergerequests.go:136.12,139.3 2 0
github.com/felipeospina21/mrglab/internal/gitlab/mergerequests.go:142.2,142.12 1 0
github.com/felipeospina21/mrglab/internal/gitlab/mergerequests.go:142.12,145.3 2 0
github.com/felipeospina21/mrglab/internal/gitlab/mergerequests.go:148.2,148.12 1 0
github.com/felipeospina21/mrglab/internal/gitlab/mergerequests.go:148.12,151.3 2 0
github.com/felipeospina21/mrglab/internal/gitlab/mergerequests.go:153.2,161.38 6 0
github.com/felipeospina21/mrglab/internal/gitlab/mergerequests.go:161.38,162.20 1 0
github.com/felipeospina21/mrglab/internal/gitlab/mergerequests.go:162.20,165.4 2 0
github.com/felipeospina21/mrglab/internal/gitlab/mergerequests.go:168.2,168.38 1 0
github.com/felipeospina21/mrglab/internal/gitlab/mergerequests.go:168.38,169.20 1 0
github.com/felipeospina21/mrglab/internal/gitlab/mergerequests.go:169.20,172.4 2 0
github.com/felipeospina21/mrglab/internal/gitlab/mergerequests.go:175.2,175.50 1 0
github.com/felipeospina21/mrglab/internal/gitlab/mergerequests.go:175.50,177.3 1 0
github.com/felipeospina21/mrglab/internal/gitlab/mergerequests.go:179.2,179.20 1 0
github.com/felipeospina21/mrglab/internal/gitlab/mergerequests.go:182.98,191.16 4 0
github.com/felipeospina21/mrglab/internal/gitlab/mergerequests.go:191.16,193.3 1 0
github.com/felipeospina21/mrglab/internal/gitlab/mergerequests.go:195.2,196.23 2 0
github.com/felipeospina21/mrglab/internal/gitlab/mergerequests.go:196.23,198.3 1 0
github.com/felipeospina21/mrglab/internal/gitlab/mergerequests.go:200.2,201.28 2 0
github.com/felipeospina21/mrglab/internal/gitlab/mergerequests.go:201.28,203.3 1 0
github.com/felipeospina21/mrglab/internal/gitlab/mergerequests.go:205.2,213.16 4 0
github.com/felipeospina21/mrglab/internal/gitlab/mergerequests.go:213.16,215.3 1 0
github.com/felipeospina21/mrglab/internal/gitlab/mergerequests.go:217.2,218.57 2 0
github.com/felipeospina21/mrglab/internal/gitlab/mergerequests.go:218.57,220.3 1 0
github.com/felipeospina21/mrglab/internal/gitlab/mergerequests.go:221.2,221.23 1 0
github.com/felipeospina21/mrglab/internal/gitlab/mergerequests.go:224.88,228.16 3 0
github.com/felipeospina21/mrglab/internal/gitlab/mergerequests.go:228.16,230.3 1 0
github.com/felipeospina21/mrglab/internal/gitlab/mergerequests.go:231.2,234.16 3 0
github.com/felipeospina21/mrglab/internal/gitlab/mergerequests.go:234.16,236.3 1 0
github.com/felipeospina21/mrglab/internal/gitlab/mergerequests.go:237.2,239.38 2 0
github.com/felipeospina21/mrglab/internal/gitlab/mergerequests.go:239.38,241.3 1 0
github.com/felipeospina21/mrglab/internal/gitlab/mergerequests.go:243.2,247.65 2 0
github.com/felipeospina21/mrglab/internal/gitlab/mergerequests.go:247.65,249.3 1 0
github.com/felipeospina21/mrglab/internal/gitlab/mergerequests.go:251.2,251.20 1 0
github.com/felipeospina21/mrglab/internal/gitlab/mergerequests.go:251.20,253.3 1 0
github.com/felipeospina21/mrglab/internal/gitlab/mergerequests.go:256.2,257.28 2 0
github.com/felipeospina21/mrglab/internal/gitlab/mergerequests.go:257.28,259.17 2 0
github.com/felipeospina21/mrglab/internal/gitlab/mergerequests.go:259.17,260.12 1 0
github.com/felipeospina21/mrglab/internal/gitlab/mergerequests.go:262.3,262.90 1 0
github.com/felipeospina21/mrglab/internal/gitlab/mergerequests.go:264.2,264.23 1 0
github.com/felipeospina21/mrglab/internal/gitlab/mergerequests.go:267.82,270.16 3 0
github.com/felipeospina21/mrglab/internal/gitlab/mergerequests.go:270.16,272.3 1 0
github.com/felipeospina21/mrglab/internal/gitlab/mergerequests.go:273.2,276.16 3 0
github.com/felipeospina21/mrglab/internal/gitlab/mergerequests.go:276.16,278.3 1 0
github.com/felipeospina21/mrglab/internal/gitlab/mergerequests.go:279.2,281.38 2 0
github.com/felipeospina21/mrglab/internal/gitlab/mergerequests.go:281.38,283.3 1 0
github.com/felipeospina21/mrglab/internal/gitlab/mergerequests.go:285.2,288.65 2 0
github.com/felipeospina21/mrglab/internal/gitlab/mergerequests.go:288.65,290.3 1 0
github.com/felipeospina21/mrglab/internal/gitlab/mergerequests.go:291.2,291.26 1 0
github.com/felipeospina21/mrglab/internal/gitlab/mergerequests.go:298.39,299.15 1 0
github.com/felipeospina21/mrglab/internal/gitlab/mergerequests.go:299.15,302.3 2 0
github.com/felipeospina21/mrglab/internal/gitlab/mergerequests.go:304.2,309.16 5 0
github.com/felipeospina21/mrglab/internal/gitlab/mergerequests.go:309.16,311.3 1 0
github.com/felipeospina21/mrglab/internal/gitlab/mergerequests.go:313.2,313.41 1 0
github.com/felipeospina21/mrglab/internal/gitlab/notes.go:9.80,10.15 1 0
github.com/felipeospina21/mrglab/internal/gitlab/notes.go:10.15,13.3 2 0
github.com/felipeospina21/mrglab/internal/gitlab/notes.go:15.2,19.16 4 0
github.com/felipeospina21/mrglab/internal/gitlab/notes.go:19.16,21.3 1 0
github.com/felipeospina21/mrglab/internal/gitlab/notes.go:23.2,23.33 1 0
github.com/felipeospina21/mrglab/internal/gitlab/queries.go:88.43,88.66 1 1
github.com/felipeospina21/mrglab/internal/gitlab/queries.go:94.45,94.70 1 1
github.com/felipeospina21/mrglab/internal/gitlab/queries.go:105.78,109.2 1 1
github.com/felipeospina21/mrglab/internal/gitlab/queries.go:111.76,116.2 1 1
github.com/felipeospina21/mrglab/internal/gitlab/queries.go:118.80,126.2 1 1
github.com/felipeospina21/mrglab/internal/gitlab/queries.go:128.64,134.2 1 1
github.com/felipeospina21/mrglab/internal/gitlab/queries.go:155.80,163.2 1 1
github.com/felipeospina21/mrglab/internal/tui/components/details/details.go:62.41,67.2 1 0
github.com/felipeospina21/mrglab/internal/tui/components/details/details.go:70.28,72.2 1 0
github.com/felipeospina21/mrglab/internal/tui/components/details/details.go:74.32,74.56 1 0
github.com/felipeospina21/mrglab/internal/tui/components/details/details.go:76.30,77.14 1 0
github.com/felipeospina21/mrglab/internal/tui/components/details/details.go:77.14,82.3 1 0
github.com/felipeospina21/mrglab/internal/tui/components/details/details.go:83.2,88.3 1 0
github.com/felipeospina21/mrglab/internal/tui/components/details/details.go:91.37,95.2 3 0
github.com/felipeospina21/mrglab/internal/tui/components/details/details.go:97.37,101.2 3 0
github.com/felipeospina21/mrglab/internal/tui/components/details/details.go:104.68,110.14 5 0
github.com/felipeospina21/mrglab/internal/tui/components/details/details.go:110.14,113.3 2 0
github.com/felipeospina21/mrglab/internal/tui/components/details/details.go:113.8,116.3 2 0
github.com/felipeospina21/mrglab/internal/tui/components/details/details.go:118.2,118.12 1 0
github.com/felipeospina21/mrglab/internal/tui/components/details/keys.go:20.50,25.2 1 0
github.com/felipeospina21/mrglab/internal/tui/components/details/keys.go:27.51,32.2 1 0
github.com/felipeospina21/mrglab/internal/tui/components/details/render.go:27.85,34.32 5 0
github.com/felipeospina21/mrglab/internal/tui/components/details/render.go:34.32,37.3 2 0
github.com/felipeospina21/mrglab/internal/tui/components/details/render.go:39.2,53.3 10 0
github.com/felipeospina21/mrglab/internal/tui/components/details/render.go:57.76,59.2 1 0
github.com/felipeospina21/mrglab/internal/tui/components/details/render.go:61.78,68.2 6 0
github.com/felipeospina21/mrglab/internal/tui/components/details/render.go:70.41,82.2 5 0
github.com/felipeospina21/mrglab/internal/tui/components/details/render.go:84.51,93.2 7 0
github.com/felipeospina21/mrglab/internal/tui/components/details/render.go:95.62,100.73 4 0
github.com/felipeospina21/mrglab/internal/tui/components/details/render.go:100.73,104.3 3 0
github.com/felipeospina21/mrglab/internal/tui/components/details/render.go:105.2,105.33 1 0
github.com/felipeospina21/mrglab/internal/tui/components/details/render.go:105.33,106.37 1 0
github.com/felipeospina21/mrglab/internal/tui/components/details/render.go:106.37,108.21 2 0
github.com/felipeospina21/mrglab/internal/tui/components/details/render.go:108.21,110.5 1 0
github.com/felipeospina21/mrglab/internal/tui/components/details/render.go:111.4,116.51 2 0
github.com/felipeospina21/mrglab/internal/tui/components/details/render.go:116.51,122.5 1 0
github.com/felipeospina21/mrglab/internal/tui/components/details/render.go:123.9,129.4 1 0
github.com/felipeospina21/mrglab/internal/tui/components/details/render.go:132.2,132.46 1 0
github.com/felipeospina21/mrglab/internal/tui/components/details/render.go:135.58,141.31 4 0
github.com/felipeospina21/mrglab/internal/tui/components/details/render.go:141.31,149.74 6 0
github.com/felipeospina21/mrglab/internal/tui/components/details/render.go:149.74,150.42 1 0
github.com/felipeospina21/mrglab/internal/tui/components/details/render.go:150.42,151.40 1 0
github.com/felipeospina21/mrglab/internal/tui/components/details/render.go:151.40,158.6 2 0
github.com/felipeospina21/mrglab/internal/tui/components/details/render.go:162.2,162.46 1 0
github.com/felipeospina21/mrglab/internal/tui/components/details/render.go:170.88,178.88 6 0
github.com/felipeospina21/mrglab/internal/tui/components/details/render.go:178.88,180.3 1 0
github.com/felipeospina21/mrglab/internal/tui/components/details/render.go:182.2,182.21 1 0
github.com/felipeospina21/mrglab/internal/tui/components/details/render.go:182.21,186.3 3 0
github.com/felipeospina21/mrglab/internal/tui/components/details/render.go:188.2,194.41 5 0
github.com/felipeospina21/mrglab/internal/tui/components/details/render.go:194.41,195.29 1 0
github.com/felipeospina21/mrglab/internal/tui/components/details/render.go:195.29,196.12 1 0
github.com/felipeospina21/mrglab/internal/tui/components/details/render.go:199.3,201.15 2 0
github.com/felipeospina21/mrglab/internal/tui/components/details/render.go:201.15,203.4 1 0
github.com/felipeospina21/mrglab/internal/tui/components/details/render.go:205.3,209.26 4 0
github.com/felipeospina21/mrglab/internal/tui/components/details/render.go:209.26,212.4 2 0
github.com/felipeospina21/mrglab/internal/tui/components/details/render.go:212.9,214.4 1 0
github.com/felipeospina21/mrglab/internal/tui/components/details/render.go:215.3,217.47 2 0
github.com/felipeospina21/mrglab/internal/tui/components/details/render.go:217.47,222.24 4 0
github.com/felipeospina21/mrglab/internal/tui/components/details/render.go:222.24,224.14 2 0
github.com/felipeospina21/mrglab/internal/tui/components/details/render.go:224.14,235.6 2 0
github.com/felipeospina21/mrglab/internal/tui/components/details/render.go:236.5,236.13 1 0
github.com/felipeospina21/mrglab/internal/tui/components/details/render.go:239.4,244.27 5 0
github.com/felipeospina21/mrglab/internal/tui/components/details/render.go:247.3,250.15 3 0
github.com/felipeospina21/mrglab/internal/tui/components/details/render.go:250.15,253.4 2 0
github.com/felipeospina21/mrglab/internal/tui/components/details/render.go:253.9,256.4 2 0
github.com/felipeospina21/mrglab/internal/tui/components/details/render.go:258.3,261.18 3 0
github.com/felipeospina21/mrglab/internal/tui/components/details/render.go:264.2,267.3 1 0
github.com/felipeospina21/mrglab/internal/tui/components/details/render.go:270.49,272.2 1 0
github.com/felipeospina21/mrglab/internal/tui/components/details/render.go:274.60,276.16 2 0
github.com/felipeospina21/mrglab/internal/tui/components/details/render.go:276.16,282.3 4 0
github.com/felipeospina21/mrglab/internal/tui/components/details/render.go:283.2,283.10 1 0
github.com/felipeospina21/mrglab/internal/tui/components/details/render.go:286.30,289.2 2 0
github.com/felipeospina21/mrglab/internal/tui/components/details/render.go:291.53,298.16 2 0
github.com/felipeospina21/mrglab/internal/tui/components/details/render.go:298.16,304.3 4 0
github.com/felipeospina21/mrglab/internal/tui/components/details/render.go:306.2,306.10 1 0
github.com/felipeospina21/mrglab/internal/tui/components/details/render.go:309.64,312.16 3 0
github.com/felipeospina21/mrglab/internal/tui/components/details/render.go:312.16,314.3 1 0
github.com/felipeospina21/mrglab/internal/tui/components/details/render.go:317.2,320.26 3 0
github.com/felipeospina21/mrglab/internal/tui/components/details/render.go:320.26,324.23 2 0
github.com/felipeospina21/mrglab/internal/tui/components/details/render.go:324.23,326.4 1 0
github.com/felipeospina21/mrglab/internal/tui/components/details/render.go:329.2,329.21 1 0
github.com/felipeospina21/mrglab/internal/tui/components/details/render.go:332.46,348.8 3 1
github.com/felipeospina21/mrglab/internal/tui/components/details/render.go:348.8,350.3 1 1
github.com/felipeospina21/mrglab/internal/tui/components/details/render.go:352.2,352.36 1 1
github.com/felipeospina21/mrglab/internal/tui/components/details/render.go:355.34,357.2 1 1
github.com/felipeospina21/mrglab/internal/tui/components/details/render.go:360.32,361.45 1 1
github.com/felipeospina21/mrglab/internal/tui/components/details/render.go:361.45,363.3 1 1
github.com/felipeospina21/mrglab/internal/tui/components/details/render.go:364.2,364.18 1 1
github.com/felipeospina21/mrglab/internal/tui/components/details/render.go:364.18,366.3 1 1
github.com/felipeospina21/mrglab/internal/tui/components/details/render.go:367.2,367.23 1 1
github.com/felipeospina21/mrglab/internal/tui/components/details/styles.go:9.34,13.3 3 1
github.com/felipeospina21/mrglab/internal/tui/components/details/styles.go:15.33,19.3 3 1
github.com/felipeospina21/mrglab/internal/tui/components/details/styles.go:26.48,28.3 1 0
github.com/felipeospina21/mrglab/internal/tui/components/details/update.go:19.53,21.27 2 0
github.com/felipeospina21/mrglab/internal/tui/components/details/update.go:22.23,24.10 2 0
github.com/felipeospina21/mrglab/internal/tui/components/details/update.go:25.35,26.29 1 0
github.com/felipeospina21/mrglab/internal/tui/components/details/update.go:26.29,26.55 1 0
github.com/felipeospina21/mrglab/internal/tui/components/details/update.go:27.30,28.29 1 0
github.com/felipeospina21/mrglab/internal/tui/components/details/update.go:28.29,28.52 1 0
github.com/felipeospina21/mrglab/internal/tui/components/details/update.go:29.38,30.29 1 0
github.com/felipeospina21/mrglab/internal/tui/components/details/update.go:30.29,30.58 1 0
github.com/felipeospina21/mrglab/internal/tui/components/details/update.go:31.39,33.16 2 0
github.com/felipeospina21/mrglab/internal/tui/components/details/update.go:33.16,34.10 1 0
github.com/felipeospina21/mrglab/internal/tui/components/details/update.go:36.4,36.29 1 0
github.com/felipeospina21/mrglab/internal/tui/components/details/update.go:36.29,41.5 1 0
github.com/felipeospina21/mrglab/internal/tui/components/details/update.go:42.39,44.22 2 0
github.com/felipeospina21/mrglab/internal/tui/components/details/update.go:45.39,47.22 2 0
github.com/felipeospina21/mrglab/internal/tui/components/details/update.go:50.2,51.15 2 0
github.com/felipeospina21/mrglab/internal/tui/components/details/update.go:54.34,58.2 3 0
github.com/felipeospina21/mrglab/internal/tui/components/details/update.go:60.47,62.34 2 0
github.com/felipeospina21/mrglab/internal/tui/components/details/update.go:62.34,63.19 1 0
github.com/felipeospina21/mrglab/internal/tui/components/details/update.go:63.19,65.4 1 0
github.com/felipeospina21/mrglab/internal/tui/components/details/update.go:67.2,67.16 1 0
github.com/felipeospina21/mrglab/internal/tui/components/details/update.go:70.60,72.23 2 0
github.com/felipeospina21/mrglab/internal/tui/components/details/update.go:72.23,74.3 1 0
github.com/felipeospina21/mrglab/internal/tui/components/details/update.go:75.2,77.68 3 0
github.com/felipeospina21/mrglab/internal/tui/components/details/update.go:85.34,87.23 2 0
github.com/felipeospina21/mrglab/internal/tui/components/details/update.go:87.23,89.3 1 0
github.com/felipeospina21/mrglab/internal/tui/components/details/update.go:90.2,90.56 1 0
github.com/felipeospina21/mrglab/internal/tui/components/details/update.go:93.34,95.23 2 0
github.com/felipeospina21/mrglab/internal/tui/components/details/update.go:95.23,97.3 1 0
github.com/felipeospina21/mrglab/internal/tui/components/details/update.go:98.2,98.71 1 0
github.com/felipeospina21/mrglab/internal/tui/components/mergerequests/commands.go:14.45,15.24 1 0
github.com/felipeospina21/mrglab/internal/tui/components/mergerequests/commands.go:15.24,21.45 3 0
github.com/felipeospina21/mrglab/internal/tui/components/mergerequests/commands.go:21.45,23.4 1 0
github.com/felipeospina21/mrglab/internal/tui/components/mergerequests/commands.go:25.3,32.4 1 0
github.com/felipeospina21/mrglab/internal/tui/components/mergerequests/commands.go:37.46,38.61 1 0
github.com/felipeospina21/mrglab/internal/tui/components/mergerequests/commands.go:38.61,39.25 1 0
github.com/felipeospina21/mrglab/internal/tui/components/mergerequests/commands.go:39.25,46.4 1 0
github.com/felipeospina21/mrglab/internal/tui/components/mergerequests/commands.go:49.2,49.24 1 0
github.com/felipeospina21/mrglab/internal/tui/components/mergerequests/commands.go:49.24,61.3 2 0
github.com/felipeospina21/mrglab/internal/tui/components/mergerequests/commands.go:65.66,66.24 1 0
github.com/felipeospina21/mrglab/internal/tui/components/mergerequests/commands.go:66.24,72.3 2 0
github.com/felipeospina21/mrglab/internal/tui/components/mergerequests/commands.go:76.82,77.24 1 0
github.com/felipeospina21/mrglab/internal/tui/components/mergerequests/commands.go:77.24,83.3 2 0
github.com/felipeospina21/mrglab/internal/tui/components/mergerequests/commands.go:87.44,88.24 1 0
github.com/felipeospina21/mrglab/internal/tui/components/mergerequests/commands.go:88.24,101.13 5 0
github.com/felipeospina21/mrglab/internal/tui/components/mergerequests/commands.go:101.13,104.4 2 0
github.com/felipeospina21/mrglab/internal/tui/components/mergerequests/commands.go:106.3,106.13 1 0
github.com/felipeospina21/mrglab/internal/tui/components/mergerequests/commands.go:106.13,109.4 2 0
github.com/felipeospina21/mrglab/internal/tui/components/mergerequests/commands.go:111.3,117.51 5 0
github.com/felipeospina21/mrglab/internal/tui/components/mergerequests/commands.go:117.51,119.4 1 0
github.com/felipeospina21/mrglab/internal/tui/components/mergerequests/commands.go:121.3,126.4 1 0
github.com/felipeospina21/mrglab/internal/tui/components/mergerequests/keys.go:18.52,23.2 1 0
github.com/felipeospina21/mrglab/internal/tui/components/mergerequests/keys.go:25.53,30.2 1 0
github.com/felipeospina21/mrglab/internal/tui/components/mergerequests/mergerequests.go:139.29,147.2 1 0
github.com/felipeospina21/mrglab/internal/tui/components/mergerequests/mergerequests.go:150.64,158.2 1 0
github.com/felipeospina21/mrglab/internal/tui/components/mergerequests/mergerequests.go:161.28,163.2 1 0
github.com/felipeospina21/mrglab/internal/tui/components/mergerequests/mergerequests.go:166.47,170.27 4 1
github.com/felipeospina21/mrglab/internal/tui/components/mergerequests/mergerequests.go:170.27,171.20 1 1
github.com/felipeospina21/mrglab/internal/tui/components/mergerequests/mergerequests.go:171.20,173.4 1 1
github.com/felipeospina21/mrglab/internal/tui/components/mergerequests/mergerequests.go:176.2,179.27 4 1
github.com/felipeospina21/mrglab/internal/tui/components/mergerequests/mergerequests.go:179.27,181.33 2 1
github.com/felipeospina21/mrglab/internal/tui/components/mergerequests/mergerequests.go:181.33,183.4 1 1
github.com/felipeospina21/mrglab/internal/tui/components/mergerequests/mergerequests.go:184.3,185.47 2 1
github.com/felipeospina21/mrglab/internal/tui/components/mergerequests/mergerequests.go:187.2,187.19 1 1
github.com/felipeospina21/mrglab/internal/tui/components/mergerequests/mergerequests.go:187.19,189.3 1 1
github.com/felipeospina21/mrglab/internal/tui/components/mergerequests/mergerequests.go:190.2,190.16 1 1
github.com/felipeospina21/mrglab/internal/tui/components/mergerequests/mergerequests.go:194.66,197.33 2 1
github.com/felipeospina21/mrglab/internal/tui/components/mergerequests/mergerequests.go:197.33,218.3 3 1
github.com/felipeospina21/mrglab/internal/tui/components/mergerequests/mergerequests.go:219.2,219.13 1 1
github.com/felipeospina21/mrglab/internal/tui/components/mergerequests/mergerequests.go:223.38,224.58 1 1
github.com/felipeospina21/mrglab/internal/tui/components/mergerequests/mergerequests.go:224.58,226.3 1 1
github.com/felipeospina21/mrglab/internal/tui/components/mergerequests/mergerequests.go:245.42,261.2 2 1
github.com/felipeospina21/mrglab/internal/tui/components/mergerequests/mergerequests.go:263.59,264.18 1 1
github.com/felipeospina21/mrglab/internal/tui/components/mergerequests/mergerequests.go:264.18,266.3 1 1
github.com/felipeospina21/mrglab/internal/tui/components/mergerequests/mergerequests.go:268.2,268.44 1 1
github.com/felipeospina21/mrglab/internal/tui/components/mergerequests/mergerequests.go:268.44,270.3 1 1
github.com/felipeospina21/mrglab/internal/tui/components/mergerequests/mergerequests.go:272.2,272.18 1 1
github.com/felipeospina21/mrglab/internal/tui/components/mergerequests/mergerequests.go:275.63,277.29 2 1
github.com/felipeospina21/mrglab/internal/tui/components/mergerequests/mergerequests.go:277.29,280.27 3 1
github.com/felipeospina21/mrglab/internal/tui/components/mergerequests/mergerequests.go:280.27,282.4 1 1
github.com/felipeospina21/mrglab/internal/tui/components/mergerequests/mergerequests.go:282.9,284.4 1 1
github.com/felipeospina21/mrglab/internal/tui/components/mergerequests/mergerequests.go:286.2,286.20 1 1
github.com/felipeospina21/mrglab/internal/tui/components/mergerequests/mergerequests.go:286.20,288.3 1 1
github.com/felipeospina21/mrglab/internal/tui/components/mergerequests/mergerequests.go:290.2,290.43 1 1
github.com/felipeospina21/mrglab/internal/tui/components/mergerequests/mergerequests.go:293.48,295.2 1 1
github.com/felipeospina21/mrglab/internal/tui/components/mergerequests/update.go:16.53,18.27 2 0
github.com/felipeospina21/mrglab/internal/tui/components/mergerequests/update.go:19.23,21.10 2 0
github.com/felipeospina21/mrglab/internal/tui/components/mergerequests/update.go:22.32,23.29 1 0
github.com/felipeospina21/mrglab/internal/tui/components/mergerequests/update.go:23.29,23.56 1 0
github.com/felipeospina21/mrglab/internal/tui/components/mergerequests/update.go:24.30,25.29 1 0
github.com/felipeospina21/mrglab/internal/tui/components/mergerequests/update.go:25.29,25.52 1 0
github.com/felipeospina21/mrglab/internal/tui/components/mergerequests/update.go:26.38,27.29 1 0
github.com/felipeospina21/mrglab/internal/tui/components/mergerequests/update.go:27.29,27.58 1 0
github.com/felipeospina21/mrglab/internal/tui/components/mergerequests/update.go:28.33,29.29 1 0
github.com/felipeospina21/mrglab/internal/tui/components/mergerequests/update.go:29.29,29.53 1 0
github.com/felipeospina21/mrglab/internal/tui/components/mergerequests/update.go:32.2,33.15 2 0
github.com/felipeospina21/mrglab/internal/tui/components/table/styles.go:10.37,24.3 4 0
github.com/felipeospina21/mrglab/internal/tui/components/table/table.go:64.44,66.2 1 0
github.com/felipeospina21/mrglab/internal/tui/components/table/table.go:69.45,74.2 1 0
github.com/felipeospina21/mrglab/internal/tui/components/table/table.go:77.29,113.2 2 0
github.com/felipeospina21/mrglab/internal/tui/components/table/table.go:124.29,130.2 1 0
github.com/felipeospina21/mrglab/internal/tui/components/table/table.go:133.37,136.2 2 0
github.com/felipeospina21/mrglab/internal/tui/components/table/table.go:144.32,153.27 2 0
github.com/felipeospina21/mrglab/internal/tui/components/table/table.go:153.27,155.3 1 0
github.com/felipeospina21/mrglab/internal/tui/components/table/table.go:157.2,159.10 2 0
github.com/felipeospina21/mrglab/internal/tui/components/table/table.go:163.40,164.24 1 0
github.com/felipeospina21/mrglab/internal/tui/components/table/table.go:164.24,166.3 1 0
github.com/felipeospina21/mrglab/internal/tui/components/table/table.go:170.34,171.24 1 0
github.com/felipeospina21/mrglab/internal/tui/components/table/table.go:171.24,173.3 1 0
github.com/felipeospina21/mrglab/internal/tui/components/table/table.go:177.31,178.24 1 0
github.com/felipeospina21/mrglab/internal/tui/components/table/table.go:178.24,180.3 1 0
github.com/felipeospina21/mrglab/internal/tui/components/table/table.go:184.30,185.24 1 0
github.com/felipeospina21/mrglab/internal/tui/components/table/table.go:185.24,187.3 1 0
github.com/felipeospina21/mrglab/internal/tui/components/table/table.go:191.33,192.24 1 0
github.com/felipeospina21/mrglab/internal/tui/components/table/table.go:192.24,194.3 1 0
github.com/felipeospina21/mrglab/internal/tui/components/table/table.go:198.34,199.24 1 0
github.com/felipeospina21/mrglab/internal/tui/components/table/table.go:199.24,201.3 1 0
github.com/felipeospina21/mrglab/internal/tui/components/table/table.go:205.40,206.24 1 0
github.com/felipeospina21/mrglab/internal/tui/components/table/table.go:206.24,208.3 1 0
github.com/felipeospina21/mrglab/internal/tui/components/table/table.go:212.35,213.24 1 0
github.com/felipeospina21/mrglab/internal/tui/components/table/table.go:213.24,215.3 1 0
github.com/felipeospina21/mrglab/internal/tui/components/table/table.go:219.53,220.14 1 0
github.com/felipeospina21/mrglab/internal/tui/components/table/table.go:220.14,222.3 1 0
github.com/felipeospina21/mrglab/internal/tui/components/table/table.go:224.2,224.27 1 0
github.com/felipeospina21/mrglab/internal/tui/components/table/table.go:225.23,226.10 1 0
github.com/felipeospina21/mrglab/internal/tui/components/table/table.go:227.42,228.15 1 0
github.com/felipeospina21/mrglab/internal/tui/components/table/table.go:229.44,230.17 1 0
github.com/felipeospina21/mrglab/internal/tui/components/table/table.go:231.42,232.33 1 0
github.com/felipeospina21/mrglab/internal/tui/components/table/table.go:233.44,234.35 1 0
github.com/felipeospina21/mrglab/internal/tui/components/table/table.go:235.46,236.37 1 0
github.com/felipeospina21/mrglab/internal/tui/components/table/table.go:237.48,238.39 1 0
github.com/felipeospina21/mrglab/internal/tui/components/table/table.go:239.44,240.17 1 0
github.com/felipeospina21/mrglab/internal/tui/components/table/table.go:241.43,242.15 1 0
github.com/felipeospina21/mrglab/internal/tui/components/table/table.go:243.46,244.18 1 0
github.com/felipeospina21/mrglab/internal/tui/components/table/table.go:248.2,248.15 1 0
github.com/felipeospina21/mrglab/internal/tui/components/table/table.go:252.31,254.2 1 0
github.com/felipeospina21/mrglab/internal/tui/components/table/table.go:258.25,261.2 2 0
github.com/felipeospina21/mrglab/internal/tui/components/table/table.go:264.24,267.2 2 0
github.com/felipeospina21/mrglab/internal/tui/components/table/table.go:270.30,271.33 1 0
github.com/felipeospina21/mrglab/internal/tui/components/table/table.go:271.33,273.3 1 0
github.com/felipeospina21/mrglab/internal/tui/components/table/table.go:274.2,274.51 1 0
github.com/felipeospina21/mrglab/internal/tui/components/table/table.go:279.34,285.19 2 0
github.com/felipeospina21/mrglab/internal/tui/components/table/table.go:285.19,287.3 1 0
github.com/felipeospina21/mrglab/internal/tui/components/table/table.go:287.8,289.3 1 0
github.com/felipeospina21/mrglab/internal/tui/components/table/table.go:290.2,291.35 2 0
github.com/felipeospina21/mrglab/internal/tui/components/table/table.go:291.35,293.3 1 0
github.com/felipeospina21/mrglab/internal/tui/components/table/table.go:295.2,297.3 1 0
github.com/felipeospina21/mrglab/internal/tui/components/table/table.go:302.34,303.45 1 0
github.com/felipeospina21/mrglab/internal/tui/components/table/table.go:303.45,305.3 1 0
github.com/felipeospina21/mrglab/internal/tui/components/table/table.go:307.2,307.25 1 0
github.com/felipeospina21/mrglab/internal/tui/components/table/table.go:311.29,313.2 1 0
github.com/felipeospina21/mrglab/internal/tui/components/table/table.go:316.35,318.2 1 0
github.com/felipeospina21/mrglab/internal/tui/components/table/table.go:321.34,324.2 2 0
github.com/felipeospina21/mrglab/internal/tui/components/table/table.go:327.40,330.2 2 0
github.com/felipeospina21/mrglab/internal/tui/components/table/table.go:333.33,336.2 2 0
github.com/felipeospina21/mrglab/internal/tui/components/table/table.go:339.34,342.2 2 0
github.com/felipeospina21/mrglab/internal/tui/components/table/table.go:345.29,347.2 1 0
github.com/felipeospina21/mrglab/internal/tui/components/table/table.go:350.28,352.2 1 0
github.com/felipeospina21/mrglab/internal/tui/components/table/table.go:355.29,357.2 1 0
github.com/felipeospina21/mrglab/internal/tui/components/table/table.go:360.34,363.2 2 0
github.com/felipeospina21/mrglab/internal/tui/components/table/table.go:367.31,369.9 2 0
github.com/felipeospina21/mrglab/internal/tui/components/table/table.go:370.20,371.70 1 0
github.com/felipeospina21/mrglab/internal/tui/components/table/table.go:372.37,373.107 1 0
github.com/felipeospina21/mrglab/internal/tui/components/table/table.go:374.33,375.83 1 0
github.com/felipeospina21/mrglab/internal/tui/components/table/table.go:377.2,377.20 1 0
github.com/felipeospina21/mrglab/internal/tui/components/table/table.go:382.33,386.9 3 0
github.com/felipeospina21/mrglab/internal/tui/components/table/table.go:387.56,388.83 1 0
github.com/felipeospina21/mrglab/internal/tui/components/table/table.go:389.64,390.72 1 0
github.com/felipeospina21/mrglab/internal/tui/components/table/table.go:391.32,391.32 0 0
github.com/felipeospina21/mrglab/internal/tui/components/table/table.go:392.61,393.65 1 0
github.com/felipeospina21/mrglab/internal/tui/components/table/table.go:398.27,400.2 1 0
github.com/felipeospina21/mrglab/internal/tui/components/table/table.go:403.30,405.2 1 0
github.com/felipeospina21/mrglab/internal/tui/components/table/table.go:410.53,412.50 2 0
github.com/felipeospina21/mrglab/internal/tui/components/table/table.go:412.50,414.56 2 0
github.com/felipeospina21/mrglab/internal/tui/components/table/table.go:414.56,416.4 1 0
github.com/felipeospina21/mrglab/internal/tui/components/table/table.go:417.3,417.25 1 0
github.com/felipeospina21/mrglab/internal/tui/components/table/table.go:420.2,420.17 1 0
github.com/felipeospina21/mrglab/internal/tui/components/table/table.go:426.37,428.29 2 0
github.com/felipeospina21/mrglab/internal/tui/components/table/table.go:428.29,429.21 1 0
github.com/felipeospina21/mrglab/internal/tui/components/table/table.go:429.21,430.12 1 0
github.com/felipeospina21/mrglab/internal/tui/components/table/table.go:433.3,434.19 2 0
github.com/felipeospina21/mrglab/internal/tui/components/table/table.go:434.19,436.4 1 0
github.com/felipeospina21/mrglab/internal/tui/components/table/table.go:437.3,438.54 2 0
github.com/felipeospina21/mrglab/internal/tui/components/table/table.go:440.2,440.53 1 0
github.com/felipeospina21/mrglab/internal/tui/components/table/table.go:443.41,445.34 2 0
github.com/felipeospina21/mrglab/internal/tui/components/table/table.go:445.34,446.27 1 0
github.com/felipeospina21/mrglab/internal/tui/components/table/table.go:446.27,447.12 1 0
github.com/felipeospina21/mrglab/internal/tui/components/table/table.go:449.3,450.25 2 0
github.com/felipeospina21/mrglab/internal/tui/components/table/table.go:450.25,452.21 2 0
github.com/felipeospina21/mrglab/internal/tui/components/table/table.go:452.21,454.5 1 0
github.com/felipeospina21/mrglab/internal/tui/components/table/table.go:455.9,457.4 1 0
github.com/felipeospina21/mrglab/internal/tui/components/table/table.go:459.3,465.25 2 0
github.com/felipeospina21/mrglab/internal/tui/components/table/table.go:465.25,467.4 1 0
github.com/felipeospina21/mrglab/internal/tui/components/table/table.go:468.3,472.30 2 0
github.com/felipeospina21/mrglab/internal/tui/components/table/table.go:475.2,477.19 2 0
github.com/felipeospina21/mrglab/internal/tui/components/table/table.go:477.19,479.3 1 0
github.com/felipeospina21/mrglab/internal/tui/components/table/table.go:481.2,481.70 1 0
github.com/felipeospina21/mrglab/internal/tui/components/table/utils.go:21.46,34.2 3 0
github.com/felipeospina21/mrglab/internal/tui/components/table/utils.go:36.62,37.57 1 0
github.com/felipeospina21/mrglab/internal/tui/components/table/utils.go:37.57,61.16 4 0
github.com/felipeospina21/mrglab/internal/tui/components/table/utils.go:61.16,63.10 2 0
github.com/felipeospina21/mrglab/internal/tui/components/table/utils.go:63.10,65.5 1 0
github.com/felipeospina21/mrglab/internal/tui/components/table/utils.go:66.4,66.17 1 0
github.com/felipeospina21/mrglab/internal/tui/components/table/utils.go:69.3,69.16 1 0
github.com/felipeospina21/mrglab/internal/tui/components/table/utils.go:73.42,76.2 2 1
github.com/felipeospina21/mrglab/internal/tui/components/table/utils.go:78.37,86.9 5 1
github.com/felipeospina21/mrglab/internal/tui/components/table/utils.go:87.16,88.38 1 1
github.com/felipeospina21/mrglab/internal/tui/components/table/utils.go:90.16,91.36 1 1
github.com/felipeospina21/mrglab/internal/tui/components/table/utils.go:93.34,94.36 1 1
github.com/felipeospina21/mrglab/internal/tui/components/table/utils.go:96.33,97.41 1 1
github.com/felipeospina21/mrglab/internal/tui/components/table/utils.go:99.35,100.43 1 1
github.com/felipeospina21/mrglab/internal/tui/components/table/utils.go:102.10,103.43 1 1
github.com/felipeospina21/mrglab/internal/tui/components/table/utils.go:107.41,108.12 1 1
github.com/felipeospina21/mrglab/internal/tui/components/table/utils.go:108.12,110.3 1 1
github.com/felipeospina21/mrglab/internal/tui/components/table/utils.go:112.2,112.34 1 1
github.com/felipeospina21/mrglab/internal/tui/components/table/utils.go:115.39,120.9 3 1
github.com/felipeospina21/mrglab/internal/tui/components/table/utils.go:121.19,122.44 1 1
github.com/felipeospina21/mrglab/internal/tui/components/table/utils.go:123.19,124.44 1 0
github.com/felipeospina21/mrglab/internal/tui/components/table/utils.go:125.10,126.12 1 1
github.com/felipeospina21/mrglab/internal/tui/components/table/utils.go:130.33,133.2 2 1
github.com/felipeospina21/mrglab/internal/tui/components/table/utils.go:135.42,136.7 1 1
github.com/felipeospina21/mrglab/internal/tui/components/table/utils.go:136.7,138.3 1 1
github.com/felipeospina21/mrglab/internal/tui/components/table/utils.go:140.2,140.19 1 1
github.com/felipeospina21/mrglab/internal/tui/components/table/utils.go:143.47,144.52 1 1
github.com/felipeospina21/mrglab/internal/tui/components/table/utils.go:144.52,146.3 1 1
